[2025-06-30 14:53:21] [user_id=1] [Login] Status: sukses - User Indah Wulandari berhasil login
[2025-06-30 14:55:53] [user_id=1] [Tes Manual] Status: sukses - Ini pengujian kirim log langsung
[2025-06-30 14:56:24] [user_id=1] [Tes Manual] Status: sukses - Ini pengujian kirim log langsung
[2025-06-30 14:58:12] [user_id=1] [Tes Manual] Status: sukses - Ini pengujian kirim log langsung
[2025-06-30 14:58:16] [user_id=1] [Tes Manual] Status: sukses - Ini pengujian kirim log langsung
[2025-06-30 14:59:55] [user_id=1] [Tes Manual] Status: sukses - Ini pengujian kirim log langsung
[2025-06-30 15:00:22] [user_id=1] [Tes Manual] Status: sukses - Ini pengujian kirim log langsung
[2025-06-30 15:01:52] [user_id=4] [Login] Status: sukses - User Sakinah Rahmahwati berhasil login
[2025-06-30 15:05:11] [user_id=1] [Login] Status: sukses - User Indah Wulandari berhasil login
[2025-06-30 15:10:21] [user_id=1] [Login] Status: sukses - User Indah Wulandari berhasil login
[2025-06-30 15:14:38] [user_id=1] [Verifikasi Pembayaran] Status: sukses - Status pemesanan ID 2 diubah menjadi diterima
[2025-06-30 19:11:13] [user_id=4] [Login] Status: sukses - User Sakinah Rahmahwati berhasil login
[2025-06-30 19:12:29] [user_id=1] [Login] Status: sukses - User Indah Wulandari berhasil login
[2025-06-30 19:14:19] [user_id=1] [Login] Status: sukses - User Indah Wulandari berhasil login
[2025-06-30 21:47:18] [user_id=1] [Login] Status: sukses - User Indah Wulandari berhasil login
[2025-06-30 21:47:32] [user_id=4] [Login] Status: sukses - User Sakinah Rahmahwati berhasil login
[2025-06-30 21:51:32] [user_id=1] [Hapus User] Status: sukses - User ID 10 berhasil dihapus
[2025-06-30 21:51:46] [user_id=1] [Hapus User] Status: sukses - User ID 9 berhasil dihapus
[2025-06-30 21:54:15] [user_id=1] [Update Jadwal] Status: sukses - Jadwal ID 7 berhasil diubah
[2025-06-30 21:54:54] [user_id=6] [Login] Status: sukses - User Nayla Fauziah berhasil login
[2025-06-30 21:56:18] [user_id=1] [Pemesanan Tiket] Status: sukses - 3 tiket dipesan pada jadwal 1
[2025-06-30 21:58:25] [user_id=1] [Upload Bukti Pembayaran] Status: sukses - Bukti diunggah untuk pemesanan ID 12
[2025-06-30 21:58:40] [user_id=1] [Upload Bukti Pembayaran] Status: sukses - Bukti diunggah untuk pemesanan ID 13
[2025-06-30 21:58:44] [user_id=1] [Upload Bukti Pembayaran] Status: sukses - Bukti diunggah untuk pemesanan ID 14
[2025-06-30 21:59:38] [user_id=6] [Login] Status: sukses - User Nayla Fauziah berhasil login
[2025-06-30 22:01:11] [user_id=1] [Login] Status: sukses - User Indah Wulandari berhasil login
[2025-06-30 22:01:22] [user_id=1] [Login] Status: sukses - User Indah Wulandari berhasil login
[2025-06-30 22:03:13] [user_id=1] [Login] Status: sukses - User Indah Wulandari berhasil login
[2025-06-30 22:03:24] [user_id=1] [Login] Status: sukses - User Indah Wulandari berhasil login
[2025-06-30 22:04:07] [user_id=1] [Verifikasi Pembayaran] Status: sukses - Status pemesanan ID 12 diubah menjadi diterima
[2025-06-30 22:04:34] [user_id=1] [Verifikasi Pembayaran] Status: sukses - Status pemesanan ID 13 diubah menjadi diterima
[2025-06-30 22:04:58] [user_id=1] [Verifikasi Pembayaran] Status: sukses - Status pemesanan ID 14 diubah menjadi diterima
